2018/05/06 18:22:54.380300 debug.go:45: [GIN-debug] [WARNING] Creating an Engine instance with the Logger and Recovery middleware already attached.

2018/05/06 18:22:54.380801 debug.go:45: [GIN-debug] [WARNING] Running in "debug" mode. Switch to "release" mode in production.
 - using env:	export GIN_MODE=release
 - using code:	gin.SetMode(gin.ReleaseMode)

2018/05/06 18:22:54.386302 debug.go:45: [GIN-debug] Loaded HTML Templates (8): 
	- search.htm
	- 
	- about.htm
	- detail.htm
	- donate.htm
	- index.htm
	- navbar.htm
	- robots.txt

2018/05/06 18:22:54.386302 debug.go:45: [GIN-debug] GET    /static/*filepath         --> github.com/gin-gonic/gin.(*RouterGroup).createStaticHandler.func1 (3 handlers)
2018/05/06 18:22:54.386302 debug.go:45: [GIN-debug] HEAD   /static/*filepath         --> github.com/gin-gonic/gin.(*RouterGroup).createStaticHandler.func1 (3 handlers)
2018/05/06 18:22:54.386302 debug.go:45: [GIN-debug] HEAD   /magnet/search/:key/:page --> magnet/controller.SearchHashApi (3 handlers)
2018/05/06 18:22:54.386302 debug.go:45: [GIN-debug] GET    /                         --> magnet/controller.HomePage (3 handlers)
2018/05/06 18:22:54.386302 debug.go:45: [GIN-debug] GET    /search/:key/:page        --> magnet/controller.SearchPage (3 handlers)
2018/05/06 18:22:54.386302 debug.go:45: [GIN-debug] GET    /detail/:id               --> magnet/controller.DetailPage (3 handlers)
2018/05/06 18:22:54.386302 debug.go:45: [GIN-debug] GET    /about                    --> magnet/controller.About (3 handlers)
2018/05/06 18:22:54.386302 debug.go:45: [GIN-debug] GET    /donate                   --> magnet/controller.Donate (3 handlers)
2018/05/06 18:22:54.386302 debug.go:45: [GIN-debug] Listening and serving HTTP on :8088
